
Showing logs for build [32mcb-kubecd-bdd-gh-1583326363-pr-kcmxc-1[0m stage [32mfrom-build-pack[0m and container [32mstep-credential-initializer-6d5dm[0m
{"level":"warn","ts":1583327479.2383952,"logger":"fallback-logger","caller":"logging/config.go:69","msg":"Fetch GitHub commit ID from kodata failed: \"ref: refs/heads/0.8.0-**-support-backwards-incompats\" is not a valid GitHub commit ID"}
{"level":"info","ts":1583327479.240734,"logger":"fallback-logger","caller":"creds-init/main.go:40","msg":"Credentials initialized."}

Showing logs for build [32mcb-kubecd-bdd-gh-1583326363-pr-kcmxc-1[0m stage [32mfrom-build-pack[0m and container [32mstep-working-dir-initializer-5lrgh[0m
{"level":"warn","ts":1583327480.0557811,"logger":"fallback-logger","caller":"logging/config.go:69","msg":"Fetch GitHub commit ID from kodata failed: open /var/run/ko/HEAD: no such file or directory"}
{"level":"info","ts":1583327480.0575657,"logger":"fallback-logger","caller":"bash/main.go:64","msg":"Successfully executed command \"sh -c mkdir -p /workspace/source\"; output "}

Showing logs for build [32mcb-kubecd-bdd-gh-1583326363-pr-kcmxc-1[0m stage [32mfrom-build-pack[0m and container [32mstep-place-tools[0m

Showing logs for build [32mcb-kubecd-bdd-gh-1583326363-pr-kcmxc-1[0m stage [32mfrom-build-pack[0m and container [32mstep-git-source-cb-kubecd-bdd-gh-1583326363-pr-kcmxc-mk29b[0m
{"level":"warn","ts":1583327486.7033765,"logger":"fallback-logger","caller":"logging/config.go:69","msg":"Fetch GitHub commit ID from kodata failed: \"ref: refs/heads/0.8.0-**-support-backwards-incompats\" is not a valid GitHub commit ID"}
{"level":"info","ts":1583327487.8856614,"logger":"fallback-logger","caller":"git/git.go:103","msg":"Successfully cloned https://github.com/cb-kubecd/bdd-gh-1583326363.git @ master in path /workspace/source"}

Showing logs for build [32mcb-kubecd-bdd-gh-1583326363-pr-kcmxc-1[0m stage [32mfrom-build-pack[0m and container [32mstep-git-merge[0m
Using SHAs from PULL_REFS=master:81b3efcd6aeaa0e57106b5967135d37d1ae314b8,1:4ba4ae303b1149cb575ad66e4b25a0df923a0b1d
DEBUG: LC_ALL=C JX_LOG_LEVEL=error git fetch origin --unshallow 4ba4ae303b1149cb575ad66e4b25a0df923a0b1d: 81b3efcd6aeaa0e57106b5967135d37d1ae314b8:
DEBUG: ran git fetch --unshallow origin 4ba4ae303b1149cb575ad66e4b25a0df923a0b1d: 81b3efcd6aeaa0e57106b5967135d37d1ae314b8: in 
DEBUG: LC_ALL=C JX_LOG_LEVEL=error git branch
DEBUG: LC_ALL=C JX_LOG_LEVEL=error git checkout master
DEBUG: ran git checkout master in 
DEBUG: JX_LOG_LEVEL=error LC_ALL=C git reset --hard 81b3efcd6aeaa0e57106b5967135d37d1ae314b8
DEBUG: ran git reset --hard 81b3efcd6aeaa0e57106b5967135d37d1ae314b8 in 
DEBUG: LC_ALL=C JX_LOG_LEVEL=error git clean -fd .
DEBUG: ran clean --force -d . in 
DEBUG: LC_ALL=C JX_LOG_LEVEL=error git merge 4ba4ae303b1149cb575ad66e4b25a0df923a0b1d
DEBUG: ran git merge 4ba4ae303b1149cb575ad66e4b25a0df923a0b1d in 
DEBUG: LC_ALL=C JX_LOG_LEVEL=error git log --format=%H%x1f%an%x1f%ae%x1f%cn%x1f%ce%x1f%s%n%b%x1e 81b3efcd6aeaa0e57106b5967135d37d1ae314b8..HEAD
Merged SHA 4ba4ae303b1149cb575ad66e4b25a0df923a0b1d with commit message 'My first PR commit' into base branch master

Showing logs for build [32mcb-kubecd-bdd-gh-1583326363-pr-kcmxc-1[0m stage [32mfrom-build-pack[0m and container [32mstep-build-make-linux[0m
CGO_ENABLED=0 GOOS=linux GOARCH=amd64 GO15VENDOREXPERIMENT=1 go build -ldflags '' -o bin/bdd-gh-1583326363 main.go

Showing logs for build [32mcb-kubecd-bdd-gh-1583326363-pr-kcmxc-1[0m stage [32mfrom-build-pack[0m and container [32mstep-build-container-build[0m
[36mINFO[0m[0000] No base image, nothing to extract            
[36mINFO[0m[0000] cmd: EXPOSE                                  
[36mINFO[0m[0000] Adding exposed port: 8080/tcp                
[36mINFO[0m[0000] Using files from context: [/workspace/source/bin] 
[36mINFO[0m[0000] Skipping unpacking as no commands require it. 
[36mINFO[0m[0000] Taking snapshot of full filesystem...        
[36mINFO[0m[0000] EXPOSE 8080                                  
[36mINFO[0m[0000] cmd: EXPOSE                                  
[36mINFO[0m[0000] Adding exposed port: 8080/tcp                
[36mINFO[0m[0000] No files changed in this command, skipping snapshotting. 
[36mINFO[0m[0000] ENTRYPOINT ["/bdd-gh-1583326363"]            
[36mINFO[0m[0000] No files changed in this command, skipping snapshotting. 
[36mINFO[0m[0000] Using files from context: [/workspace/source/bin] 
[36mINFO[0m[0000] COPY ./bin/ /                                
[36mINFO[0m[0000] Taking snapshot of files...                  
2020/03/04 13:11:44 pushed blob: sha256:562fe1a330b9b5abd9e73e443d268961d8a486cc4d717f99a7a7eeabcc3efe0e
2020/03/04 13:11:45 pushed blob: sha256:57c2ec5a0f5bde27304e4e51b8f9b5ebd498b825fd6cd2b00659134f151454b6
2020/03/04 13:11:46 gcr.io/jenkins-x-bdd3/bdd-gh-1583326363:0.0.0-SNAPSHOT-PR-1-1: digest: sha256:e5534d3efa8d1abe216b00d4ae45b8e3f342d2023351944248258ed259c4ca0b size: 428

Showing logs for build [32mcb-kubecd-bdd-gh-1583326363-pr-kcmxc-1[0m stage [32mfrom-build-pack[0m and container [32mstep-postbuild-post-build[0m
no CVE provider running in the current ** namespace so skip adding image to be analysed

Showing logs for build [32mcb-kubecd-bdd-gh-1583326363-pr-kcmxc-1[0m stage [32mfrom-build-pack[0m and container [32mstep-promote-make-preview[0m
sed -i -e "s/version:.*/version: 0.0.0-SNAPSHOT-PR-1-1/" Chart.yaml
sed -i -e "s/version:.*/version: 0.0.0-SNAPSHOT-PR-1-1/" ../*/Chart.yaml
sed -i -e "s|repository:.*|repository: gcr.io\/jenkins-x-bdd3\/bdd-gh-1583326363|" values.yaml
sed -i -e "s/tag:.*/tag: 0.0.0-SNAPSHOT-PR-1-1/" values.yaml
echo "  version: 0.0.0-SNAPSHOT-PR-1-1" >> requirements.yaml
** step helm build
WARNING: No $CHART_REPOSITORY defined so using the default value of: http://jenkins-x-chartmuseum:8080
Adding missing Helm repo: storage.googleapis.com https://storage.googleapis.com/chartmuseum.jenkins-x.io
WARNING: No secrets found on "helm/repos" due: reading the secret "helm/repos" from vault: no secret "helm/repos" not found in vault
Read credentials for https://storage.googleapis.com/chartmuseum.jenkins-x.io from vault helm/repos
Successfully added Helm repository storage.googleapis.com.
Adding missing Helm repo: jenkins-x-chartmuseum http://jenkins-x-chartmuseum:8080
WARNING: No secrets found on "helm/repos" due: reading the secret "helm/repos" from vault: no secret "helm/repos" not found in vault
Read credentials for http://jenkins-x-chartmuseum:8080 from vault helm/repos
Successfully added Helm repository jenkins-x-chartmuseum.
WARNING: No $CHART_REPOSITORY defined so using the default value of: http://jenkins-x-chartmuseum:8080
Adding missing Helm repo: chartmuseum.jenkins-x.io http://chartmuseum.jenkins-x.io
WARNING: No secrets found on "helm/repos" due: reading the secret "helm/repos" from vault: no secret "helm/repos" not found in vault
Read credentials for http://chartmuseum.jenkins-x.io from vault helm/repos
Successfully added Helm repository chartmuseum.jenkins-x.io.

Showing logs for build [32mcb-kubecd-bdd-gh-1583326363-pr-kcmxc-1[0m stage [32mfrom-build-pack[0m and container [32mstep-promote-jx-preview[0m
Creating a preview
Created environment cb-kubecd-bdd-gh-1583326363-pr-1
Namespace **-cb-kubecd-bdd-gh-1583326363-pr-1 created 
expose:
  Annotations:
    helm.sh/hook: post-install,post-upgrade
    helm.sh/hook-delete-policy: hook-succeeded
  config:
    domain: 34.76.120.22.nip.io
    exposer: Ingress
    http: "true"
preview:
  image:
    repository: gcr.io/jenkins-x-bdd3/bdd-gh-1583326363
    tag: 0.0.0-SNAPSHOT-PR-1-1

Updating PipelineActivities cb-kubecd-bdd-gh-1583326363-pr-1-1 which has status Running
Preview application is now available at: http://bdd-gh-1583326363.**-cb-kubecd-bdd-gh-1583326363-pr-1.34.76.120.22.nip.io
